<?xml version="1.0" encoding="UTF-8"?>
<testng-results ignored="0" total="1" passed="1" failed="0" skipped="0">
  <reporter-output>
  </reporter-output>
  <suite started-at="2026-03-03T23:20:15 IST" name="Suite" finished-at="2026-03-03T23:20:18 IST" duration-ms="3416">
    <groups>
    </groups>
    <test started-at="2026-03-03T23:20:15 IST" name="Test" finished-at="2026-03-03T23:20:18 IST" duration-ms="3416">
      <class name="bowserLaunch.LaunchBrowserTest">
        <test-method is-config="true" signature="setUp()[pri:0, instance:bowserLaunch.LaunchBrowserTest@223d2c72]" started-at="2026-03-03T23:20:15 IST" name="setUp" finished-at="2026-03-03T23:20:17 IST" duration-ms="1777" status="PASS">
          <reporter-output>
          </reporter-output>
        </test-method> <!-- setUp -->
        <test-method signature="openWebsite()[pri:0, instance:bowserLaunch.LaunchBrowserTest@223d2c72]" started-at="2026-03-03T23:20:17 IST" name="openWebsite" finished-at="2026-03-03T23:20:18 IST" duration-ms="1362" status="PASS">
          <reporter-output>
          </reporter-output>
        </test-method> <!-- openWebsite -->
        <test-method is-config="true" signature="tearDown()[pri:0, instance:bowserLaunch.LaunchBrowserTest@223d2c72]" started-at="2026-03-03T23:20:18 IST" name="tearDown" finished-at="2026-03-03T23:20:18 IST" duration-ms="222" status="PASS">
          <reporter-output>
          </reporter-output>
        </test-method> <!-- tearDown -->
      </class> <!-- bowserLaunch.LaunchBrowserTest -->
    </test> <!-- Test -->
  </suite> <!-- Suite -->
</testng-results>
