<?xml version="1.0" encoding="UTF-8"?>
<testng-results ignored="0" total="1" passed="1" failed="0" skipped="0">
  <reporter-output>
  </reporter-output>
  <suite started-at="2026-03-03T23:18:04 IST" name="Default suite" finished-at="2026-03-03T23:18:07 IST" duration-ms="3175">
    <groups>
    </groups>
    <test started-at="2026-03-03T23:18:04 IST" name="Default test" finished-at="2026-03-03T23:18:07 IST" duration-ms="3175">
      <class name="bowserLaunch.LaunchBrowserTest">
        <test-method is-config="true" signature="setUp()[pri:0, instance:bowserLaunch.LaunchBrowserTest@3c9754d8]" started-at="2026-03-03T23:18:04 IST" name="setUp" finished-at="2026-03-03T23:18:06 IST" duration-ms="1887" status="PASS">
          <reporter-output>
          </reporter-output>
        </test-method> <!-- setUp -->
        <test-method signature="openWebsite()[pri:0, instance:bowserLaunch.LaunchBrowserTest@3c9754d8]" started-at="2026-03-03T23:18:06 IST" name="openWebsite" finished-at="2026-03-03T23:18:07 IST" duration-ms="1210" status="PASS">
          <reporter-output>
          </reporter-output>
        </test-method> <!-- openWebsite -->
        <test-method is-config="true" signature="tearDown()[pri:0, instance:bowserLaunch.LaunchBrowserTest@3c9754d8]" started-at="2026-03-03T23:18:07 IST" name="tearDown" finished-at="2026-03-03T23:18:07 IST" duration-ms="1" status="PASS">
          <reporter-output>
          </reporter-output>
        </test-method> <!-- tearDown -->
      </class> <!-- bowserLaunch.LaunchBrowserTest -->
    </test> <!-- Default test -->
  </suite> <!-- Default suite -->
</testng-results>
